<?xml version="1.0" encoding="UTF-8"?>
<templateSet group="junit">
  <template name="test" value="@org.junit.Test public void $VAR$() {&#10;    $END$&#10;}" description="Junit Test" toReformat="true" toShortenFQNames="true">
    <variable name="VAR" expression="" defaultValue="" alwaysStopAt="true" />
    <context>
      <option name="HTML_TEXT" value="false" />
      <option name="HTML" value="false" />
      <option name="XSL_TEXT" value="false" />
      <option name="XML" value="false" />
      <option name="JAVA_CODE" value="true" />
      <option name="JAVA_STATEMENT" value="true" />
      <option name="JAVA_EXPRESSION" value="true" />
      <option name="JAVA_DECLARATION" value="true" />
      <option name="JAVA_COMMENT" value="false" />
      <option name="JAVA_STRING" value="false" />
      <option name="COMPLETION" value="false" />
      <option name="CSS_PROPERTY_VALUE" value="false" />
      <option name="CSS_DECLARATION_BLOCK" value="false" />
      <option name="CSS_RULESET_LIST" value="false" />
      <option name="CSS" value="false" />
      <option name="JSP" value="false" />
      <option name="JAVA_SCRIPT" value="false" />
      <option name="CoffeeScript" value="false" />
      <option name="MAVEN" value="false" />
      <option name="OTHER" value="false" />
    </context>
  </template>
  <template name="ast" value="assertThat($ACTUAL$, is($END$));" description="hamcret assertThat" toReformat="false" toShortenFQNames="false" useStaticImport="true">
    <variable name="ACTUAL" expression="" defaultValue="" alwaysStopAt="true" />
    <context>
      <option name="HTML_TEXT" value="false" />
      <option name="HTML" value="false" />
      <option name="XSL_TEXT" value="false" />
      <option name="XML" value="false" />
      <option name="JAVA_CODE" value="true" />
      <option name="JAVA_STATEMENT" value="true" />
      <option name="JAVA_EXPRESSION" value="true" />
      <option name="JAVA_DECLARATION" value="false" />
      <option name="JAVA_COMMENT" value="false" />
      <option name="JAVA_STRING" value="false" />
      <option name="COMPLETION" value="false" />
      <option name="CSS_PROPERTY_VALUE" value="false" />
      <option name="CSS_DECLARATION_BLOCK" value="false" />
      <option name="CSS_RULESET_LIST" value="false" />
      <option name="CSS" value="false" />
      <option name="JSP" value="false" />
      <option name="JAVA_SCRIPT" value="false" />
      <option name="CoffeeScript" value="false" />
      <option name="MAVEN" value="false" />
      <option name="OTHER" value="false" />
    </context>
  </template>
</templateSet>

